  Week12-4-ToonShading.cpp
C:\Users\markw\Documents\George Brown College Year 2 Semester 1\GAME2012 3D Graphics Programming\GAME2012_W13_LabProject\OpenGLGlutGlfwShaderTemplate\Week12-4-ToonShading.cpp(351,25): warning C4305: '+=': truncation from 'double' to 'T'
C:\Users\markw\Documents\George Brown College Year 2 Semester 1\GAME2012 3D Graphics Programming\GAME2012_W13_LabProject\OpenGLGlutGlfwShaderTemplate\Week12-4-ToonShading.cpp(351,25): warning C4305:         with
C:\Users\markw\Documents\George Brown College Year 2 Semester 1\GAME2012 3D Graphics Programming\GAME2012_W13_LabProject\OpenGLGlutGlfwShaderTemplate\Week12-4-ToonShading.cpp(351,25): warning C4305:         [
C:\Users\markw\Documents\George Brown College Year 2 Semester 1\GAME2012 3D Graphics Programming\GAME2012_W13_LabProject\OpenGLGlutGlfwShaderTemplate\Week12-4-ToonShading.cpp(351,25): warning C4305:             T=float
C:\Users\markw\Documents\George Brown College Year 2 Semester 1\GAME2012 3D Graphics Programming\GAME2012_W13_LabProject\OpenGLGlutGlfwShaderTemplate\Week12-4-ToonShading.cpp(351,25): warning C4305:         ]
C:\Users\markw\Documents\George Brown College Year 2 Semester 1\GAME2012 3D Graphics Programming\GAME2012_W13_LabProject\OpenGLGlutGlfwShaderTemplate\Week12-4-ToonShading.cpp(354,25): warning C4305: '-=': truncation from 'double' to 'T'
C:\Users\markw\Documents\George Brown College Year 2 Semester 1\GAME2012 3D Graphics Programming\GAME2012_W13_LabProject\OpenGLGlutGlfwShaderTemplate\Week12-4-ToonShading.cpp(354,25): warning C4305:         with
C:\Users\markw\Documents\George Brown College Year 2 Semester 1\GAME2012 3D Graphics Programming\GAME2012_W13_LabProject\OpenGLGlutGlfwShaderTemplate\Week12-4-ToonShading.cpp(354,25): warning C4305:         [
C:\Users\markw\Documents\George Brown College Year 2 Semester 1\GAME2012 3D Graphics Programming\GAME2012_W13_LabProject\OpenGLGlutGlfwShaderTemplate\Week12-4-ToonShading.cpp(354,25): warning C4305:             T=float
C:\Users\markw\Documents\George Brown College Year 2 Semester 1\GAME2012 3D Graphics Programming\GAME2012_W13_LabProject\OpenGLGlutGlfwShaderTemplate\Week12-4-ToonShading.cpp(354,25): warning C4305:         ]
C:\Users\markw\Documents\George Brown College Year 2 Semester 1\GAME2012 3D Graphics Programming\GAME2012_W13_LabProject\OpenGLGlutGlfwShaderTemplate\Week12-4-ToonShading.cpp(357,25): warning C4305: '+=': truncation from 'double' to 'T'
C:\Users\markw\Documents\George Brown College Year 2 Semester 1\GAME2012 3D Graphics Programming\GAME2012_W13_LabProject\OpenGLGlutGlfwShaderTemplate\Week12-4-ToonShading.cpp(357,25): warning C4305:         with
C:\Users\markw\Documents\George Brown College Year 2 Semester 1\GAME2012 3D Graphics Programming\GAME2012_W13_LabProject\OpenGLGlutGlfwShaderTemplate\Week12-4-ToonShading.cpp(357,25): warning C4305:         [
C:\Users\markw\Documents\George Brown College Year 2 Semester 1\GAME2012 3D Graphics Programming\GAME2012_W13_LabProject\OpenGLGlutGlfwShaderTemplate\Week12-4-ToonShading.cpp(357,25): warning C4305:             T=float
C:\Users\markw\Documents\George Brown College Year 2 Semester 1\GAME2012 3D Graphics Programming\GAME2012_W13_LabProject\OpenGLGlutGlfwShaderTemplate\Week12-4-ToonShading.cpp(357,25): warning C4305:         ]
C:\Users\markw\Documents\George Brown College Year 2 Semester 1\GAME2012 3D Graphics Programming\GAME2012_W13_LabProject\OpenGLGlutGlfwShaderTemplate\Week12-4-ToonShading.cpp(360,25): warning C4305: '-=': truncation from 'double' to 'T'
C:\Users\markw\Documents\George Brown College Year 2 Semester 1\GAME2012 3D Graphics Programming\GAME2012_W13_LabProject\OpenGLGlutGlfwShaderTemplate\Week12-4-ToonShading.cpp(360,25): warning C4305:         with
C:\Users\markw\Documents\George Brown College Year 2 Semester 1\GAME2012 3D Graphics Programming\GAME2012_W13_LabProject\OpenGLGlutGlfwShaderTemplate\Week12-4-ToonShading.cpp(360,25): warning C4305:         [
C:\Users\markw\Documents\George Brown College Year 2 Semester 1\GAME2012 3D Graphics Programming\GAME2012_W13_LabProject\OpenGLGlutGlfwShaderTemplate\Week12-4-ToonShading.cpp(360,25): warning C4305:             T=float
C:\Users\markw\Documents\George Brown College Year 2 Semester 1\GAME2012 3D Graphics Programming\GAME2012_W13_LabProject\OpenGLGlutGlfwShaderTemplate\Week12-4-ToonShading.cpp(360,25): warning C4305:         ]
C:\Users\markw\Documents\George Brown College Year 2 Semester 1\GAME2012 3D Graphics Programming\GAME2012_W13_LabProject\OpenGLGlutGlfwShaderTemplate\Week12-4-ToonShading.cpp(363,25): warning C4305: '+=': truncation from 'double' to 'T'
C:\Users\markw\Documents\George Brown College Year 2 Semester 1\GAME2012 3D Graphics Programming\GAME2012_W13_LabProject\OpenGLGlutGlfwShaderTemplate\Week12-4-ToonShading.cpp(363,25): warning C4305:         with
C:\Users\markw\Documents\George Brown College Year 2 Semester 1\GAME2012 3D Graphics Programming\GAME2012_W13_LabProject\OpenGLGlutGlfwShaderTemplate\Week12-4-ToonShading.cpp(363,25): warning C4305:         [
C:\Users\markw\Documents\George Brown College Year 2 Semester 1\GAME2012 3D Graphics Programming\GAME2012_W13_LabProject\OpenGLGlutGlfwShaderTemplate\Week12-4-ToonShading.cpp(363,25): warning C4305:             T=float
C:\Users\markw\Documents\George Brown College Year 2 Semester 1\GAME2012 3D Graphics Programming\GAME2012_W13_LabProject\OpenGLGlutGlfwShaderTemplate\Week12-4-ToonShading.cpp(363,25): warning C4305:         ]
C:\Users\markw\Documents\George Brown College Year 2 Semester 1\GAME2012 3D Graphics Programming\GAME2012_W13_LabProject\OpenGLGlutGlfwShaderTemplate\Week12-4-ToonShading.cpp(366,25): warning C4305: '-=': truncation from 'double' to 'T'
C:\Users\markw\Documents\George Brown College Year 2 Semester 1\GAME2012 3D Graphics Programming\GAME2012_W13_LabProject\OpenGLGlutGlfwShaderTemplate\Week12-4-ToonShading.cpp(366,25): warning C4305:         with
C:\Users\markw\Documents\George Brown College Year 2 Semester 1\GAME2012 3D Graphics Programming\GAME2012_W13_LabProject\OpenGLGlutGlfwShaderTemplate\Week12-4-ToonShading.cpp(366,25): warning C4305:         [
C:\Users\markw\Documents\George Brown College Year 2 Semester 1\GAME2012 3D Graphics Programming\GAME2012_W13_LabProject\OpenGLGlutGlfwShaderTemplate\Week12-4-ToonShading.cpp(366,25): warning C4305:             T=float
C:\Users\markw\Documents\George Brown College Year 2 Semester 1\GAME2012 3D Graphics Programming\GAME2012_W13_LabProject\OpenGLGlutGlfwShaderTemplate\Week12-4-ToonShading.cpp(366,25): warning C4305:         ]
  OpenGLGlutGlfwShaderTemplate.vcxproj -> C:\Users\markw\Documents\George Brown College Year 2 Semester 1\GAME2012 3D Graphics Programming\GAME2012_W13_LabProject\x64\Debug\OpenGLGlutGlfwShaderTemplate.exe
