  01_Lights.cpp
D:\_\__OpenGL Projects\GAME2012_W12_Lecture\OpenGLGlutGlfwShaderTemplate\Shape.h(36,23): warning C4267: 'return': conversion from 'size_t' to 'GLsizei', possible loss of data
D:\_\__OpenGL Projects\GAME2012_W12_Lecture\OpenGLGlutGlfwShaderTemplate\Shape.h(98,21): warning C4018: '<': signed/unsigned mismatch
D:\_\__OpenGL Projects\GAME2012_W12_Lecture\OpenGLGlutGlfwShaderTemplate\Shape.h(161,1): warning C4267: 'argument': conversion from 'size_t' to 'unsigned int', possible loss of data
D:\_\__OpenGL Projects\GAME2012_W12_Lecture\OpenGLGlutGlfwShaderTemplate\Shape.h(173,30): warning C4244: 'argument': conversion from 'int' to '_Ty', possible loss of data
          with
          [
              _Ty=GLfloat
          ]
D:\_\__OpenGL Projects\GAME2012_W12_Lecture\OpenGLGlutGlfwShaderTemplate\Shape.h(174,30): warning C4244: 'argument': conversion from 'int' to '_Ty', possible loss of data
          with
          [
              _Ty=GLfloat
          ]
D:\_\__OpenGL Projects\GAME2012_W12_Lecture\OpenGLGlutGlfwShaderTemplate\Shape.h(217,1): warning C4267: 'argument': conversion from 'size_t' to 'unsigned int', possible loss of data
D:\_\__OpenGL Projects\GAME2012_W12_Lecture\OpenGLGlutGlfwShaderTemplate\Shape.h(309,1): warning C4267: 'argument': conversion from 'size_t' to 'unsigned int', possible loss of data
D:\_\__OpenGL Projects\GAME2012_W12_Lecture\OpenGLGlutGlfwShaderTemplate\Shape.h(327,1): warning C4244: '+=': conversion from 'double' to 'float', possible loss of data
D:\_\__OpenGL Projects\GAME2012_W12_Lecture\OpenGLGlutGlfwShaderTemplate\Shape.h(338,1): warning C4244: '+=': conversion from 'double' to 'float', possible loss of data
D:\_\__OpenGL Projects\GAME2012_W12_Lecture\OpenGLGlutGlfwShaderTemplate\Shape.h(385,1): warning C4267: 'argument': conversion from 'size_t' to 'unsigned int', possible loss of data
D:\_\__OpenGL Projects\GAME2012_W12_Lecture\OpenGLGlutGlfwShaderTemplate\Shape.h(403,1): warning C4244: '+=': conversion from 'double' to 'float', possible loss of data
D:\_\__OpenGL Projects\GAME2012_W12_Lecture\OpenGLGlutGlfwShaderTemplate\Shape.h(434,1): warning C4267: 'argument': conversion from 'size_t' to 'unsigned int', possible loss of data
  OpenGLGlutGlfwShaderTemplate.vcxproj -> D:\_\__OpenGL Projects\GAME2012_W12_Lecture\x64\Debug\OpenGLGlutGlfwShaderTemplate.exe
