d:\_\__opengl projects\game2012_w09_lectureproject\openglglutglfwshadertemplate\x64\debug\vc142.pdb
d:\_\__opengl projects\game2012_w09_lectureproject\openglglutglfwshadertemplate\x64\debug\vc142.idb
d:\_\__opengl projects\game2012_w09_lectureproject\openglglutglfwshadertemplate\x64\debug\prepshader.obj
d:\_\__opengl projects\game2012_w09_lectureproject\openglglutglfwshadertemplate\x64\debug\01_texture2d.obj
d:\_\__opengl projects\game2012_w09_lectureproject\openglglutglfwshadertemplate\x64\debug\02_3dbad.obj
d:\_\__opengl projects\game2012_w09_lectureproject\openglglutglfwshadertemplate\x64\debug\03_3dgood.obj
d:\_\__opengl projects\game2012_w09_lectureproject\x64\debug\openglglutglfwshadertemplate.exe
d:\_\__opengl projects\game2012_w09_lectureproject\openglglutglfwshadertemplate\x64\debug\openglglutglfwshadertemplate.ilk
d:\_\__opengl projects\game2012_w09_lectureproject\x64\debug\openglglutglfwshadertemplate.pdb
c:\users\markw\documents\george brown college year 2 semester 1\game2012 3d graphics programming\game2012_w09_lectureproject\openglglutglfwshadertemplate\x64\debug\01_texture2d.obj
c:\users\markw\documents\george brown college year 2 semester 1\game2012 3d graphics programming\game2012_w09_lectureproject\openglglutglfwshadertemplate\x64\debug\02_3dbad.obj
c:\users\markw\documents\george brown college year 2 semester 1\game2012 3d graphics programming\game2012_w09_lectureproject\openglglutglfwshadertemplate\x64\debug\03_3dgood.obj
c:\users\markw\documents\george brown college year 2 semester 1\game2012 3d graphics programming\game2012_w09_lectureproject\openglglutglfwshadertemplate\x64\debug\prepshader.obj
c:\users\markw\documents\george brown college year 2 semester 1\game2012 3d graphics programming\game2012_w09_lectureproject\openglglutglfwshadertemplate\x64\debug\openglglutglfwshadertemplate.ilk
c:\users\markw\documents\george brown college year 2 semester 1\game2012 3d graphics programming\game2012_w09_lectureproject\openglglutglfwshadertemplate\x64\debug\vc142.idb
c:\users\markw\documents\george brown college year 2 semester 1\game2012 3d graphics programming\game2012_w09_lectureproject\openglglutglfwshadertemplate\x64\debug\vc142.pdb
c:\users\markw\documents\george brown college year 2 semester 1\game2012 3d graphics programming\game2012_w09_lectureproject\x64\debug\openglglutglfwshadertemplate.pdb
c:\users\markw\documents\george brown college year 2 semester 1\game2012 3d graphics programming\game2012_w09_lectureproject\x64\debug\openglglutglfwshadertemplate.exe
c:\users\markw\documents\george brown college year 2 semester 1\game2012 3d graphics programming\game2012_w09_lectureproject\openglglutglfwshadertemplate\x64\debug\openglgl.c9fbc251.tlog\cl.command.1.tlog
c:\users\markw\documents\george brown college year 2 semester 1\game2012 3d graphics programming\game2012_w09_lectureproject\openglglutglfwshadertemplate\x64\debug\openglgl.c9fbc251.tlog\cl.read.1.tlog
c:\users\markw\documents\george brown college year 2 semester 1\game2012 3d graphics programming\game2012_w09_lectureproject\openglglutglfwshadertemplate\x64\debug\openglgl.c9fbc251.tlog\cl.write.1.tlog
c:\users\markw\documents\george brown college year 2 semester 1\game2012 3d graphics programming\game2012_w09_lectureproject\openglglutglfwshadertemplate\x64\debug\openglgl.c9fbc251.tlog\link.command.1.tlog
c:\users\markw\documents\george brown college year 2 semester 1\game2012 3d graphics programming\game2012_w09_lectureproject\openglglutglfwshadertemplate\x64\debug\openglgl.c9fbc251.tlog\link.read.1.tlog
c:\users\markw\documents\george brown college year 2 semester 1\game2012 3d graphics programming\game2012_w09_lectureproject\openglglutglfwshadertemplate\x64\debug\openglgl.c9fbc251.tlog\link.write.1.tlog
