d:\_\__opengl projects\game2012_w10_lectureproject\openglglutglfwshadertemplate\x64\debug\vc142.pdb
d:\_\__opengl projects\game2012_w10_lectureproject\openglglutglfwshadertemplate\x64\debug\vc142.idb
d:\_\__opengl projects\game2012_w10_lectureproject\openglglutglfwshadertemplate\x64\debug\prepshader.obj
d:\_\__opengl projects\game2012_w10_lectureproject\openglglutglfwshadertemplate\x64\debug\02_twotextures.obj
d:\_\__opengl projects\game2012_w10_lectureproject\openglglutglfwshadertemplate\x64\debug\03_cubetexture.obj
d:\_\__opengl projects\game2012_w10_lectureproject\openglglutglfwshadertemplate\x64\debug\04_transparenttexture.obj
d:\_\__opengl projects\game2012_w10_lectureproject\x64\debug\openglglutglfwshadertemplate.exe
d:\_\__opengl projects\game2012_w10_lectureproject\openglglutglfwshadertemplate\x64\debug\openglglutglfwshadertemplate.ilk
d:\_\__opengl projects\game2012_w10_lectureproject\x64\debug\openglglutglfwshadertemplate.pdb
d:\_\__opengl projects\game2012_w10_shapegennew\openglglutglfwshadertemplate\x64\debug\02_twotextures.obj
d:\_\__opengl projects\game2012_w10_shapegennew\openglglutglfwshadertemplate\x64\debug\03_cubetexture.obj
d:\_\__opengl projects\game2012_w10_shapegennew\openglglutglfwshadertemplate\x64\debug\04_transparenttexture.obj
d:\_\__opengl projects\game2012_w10_shapegennew\openglglutglfwshadertemplate\x64\debug\prepshader.obj
d:\_\__opengl projects\game2012_w10_shapegennew\openglglutglfwshadertemplate\x64\debug\openglglutglfwshadertemplate.ilk
d:\_\__opengl projects\game2012_w10_shapegennew\openglglutglfwshadertemplate\x64\debug\vc142.idb
d:\_\__opengl projects\game2012_w10_shapegennew\openglglutglfwshadertemplate\x64\debug\vc142.pdb
d:\_\__opengl projects\game2012_w10_shapegennew\x64\debug\openglglutglfwshadertemplate.pdb
d:\_\__opengl projects\game2012_w10_shapegennew\x64\debug\openglglutglfwshadertemplate.exe
d:\_\__opengl projects\game2012_w10_shapegennew\openglglutglfwshadertemplate\x64\debug\openglgl.c9fbc251.tlog\cl.command.1.tlog
d:\_\__opengl projects\game2012_w10_shapegennew\openglglutglfwshadertemplate\x64\debug\openglgl.c9fbc251.tlog\cl.read.1.tlog
d:\_\__opengl projects\game2012_w10_shapegennew\openglglutglfwshadertemplate\x64\debug\openglgl.c9fbc251.tlog\cl.write.1.tlog
d:\_\__opengl projects\game2012_w10_shapegennew\openglglutglfwshadertemplate\x64\debug\openglgl.c9fbc251.tlog\link.command.1.tlog
d:\_\__opengl projects\game2012_w10_shapegennew\openglglutglfwshadertemplate\x64\debug\openglgl.c9fbc251.tlog\link.read.1.tlog
d:\_\__opengl projects\game2012_w10_shapegennew\openglglutglfwshadertemplate\x64\debug\openglgl.c9fbc251.tlog\link.write.1.tlog
